c:\users\user\desktop\3학년 1학기\3d 프로그래밍\labproject02-02\x64\debug\vc143.pdb
c:\users\user\desktop\3학년 1학기\3d 프로그래밍\labproject02-02\x64\debug\vc143.idb
c:\users\user\desktop\3학년 1학기\3d 프로그래밍\labproject02-02\x64\debug\timer.obj
c:\users\user\desktop\3학년 1학기\3d 프로그래밍\labproject02-02\x64\debug\stdafx.obj
c:\users\user\desktop\3학년 1학기\3d 프로그래밍\labproject02-02\x64\debug\scene.obj
c:\users\user\desktop\3학년 1학기\3d 프로그래밍\labproject02-02\x64\debug\player.obj
c:\users\user\desktop\3학년 1학기\3d 프로그래밍\labproject02-02\x64\debug\mesh.obj
c:\users\user\desktop\3학년 1학기\3d 프로그래밍\labproject02-02\x64\debug\labproject02-02.obj
c:\users\user\desktop\3학년 1학기\3d 프로그래밍\labproject02-02\x64\debug\graphicspipeline.obj
c:\users\user\desktop\3학년 1학기\3d 프로그래밍\labproject02-02\x64\debug\gameobject.obj
c:\users\user\desktop\3학년 1학기\3d 프로그래밍\labproject02-02\x64\debug\gameframework.obj
c:\users\user\desktop\3학년 1학기\3d 프로그래밍\labproject02-02\x64\debug\camera.obj
c:\users\user\desktop\3학년 1학기\3d 프로그래밍\labproject02-02\x64\debug\ai.obj
c:\users\user\desktop\3학년 1학기\3d 프로그래밍\labproject02-02\x64\debug\labproject02-02.exe
c:\users\user\desktop\3학년 1학기\3d 프로그래밍\labproject02-02\x64\debug\labproject02-02.ilk
c:\users\user\desktop\3학년 1학기\3d 프로그래밍\labproject02-02\x64\debug\labproject02-02.pdb
c:\users\user\desktop\3학년 1학기\3d 프로그래밍\labproject02-02\x64\debug\labproject02-02.res
c:\users\user\desktop\3학년 1학기\3d 프로그래밍\labproject02-02\x64\debug\labproject02-02.tlog\cl.command.1.tlog
c:\users\user\desktop\3학년 1학기\3d 프로그래밍\labproject02-02\x64\debug\labproject02-02.tlog\cl.read.1.tlog
c:\users\user\desktop\3학년 1학기\3d 프로그래밍\labproject02-02\x64\debug\labproject02-02.tlog\cl.write.1.tlog
c:\users\user\desktop\3학년 1학기\3d 프로그래밍\labproject02-02\x64\debug\labproject02-02.tlog\link.command.1.tlog
c:\users\user\desktop\3학년 1학기\3d 프로그래밍\labproject02-02\x64\debug\labproject02-02.tlog\link.read.1.tlog
c:\users\user\desktop\3학년 1학기\3d 프로그래밍\labproject02-02\x64\debug\labproject02-02.tlog\link.write.1.tlog
c:\users\user\desktop\3학년 1학기\3d 프로그래밍\labproject02-02\x64\debug\labproject02-02.tlog\rc.command.1.tlog
c:\users\user\desktop\3학년 1학기\3d 프로그래밍\labproject02-02\x64\debug\labproject02-02.tlog\rc.read.1.tlog
c:\users\user\desktop\3학년 1학기\3d 프로그래밍\labproject02-02\x64\debug\labproject02-02.tlog\rc.write.1.tlog
