c:\users\user\desktop\3학년 1학기\3d 게임프로그래밍\과제\과제2\labproject04-6\x64\release\labproject04-6.pch
c:\users\user\desktop\3학년 1학기\3d 게임프로그래밍\과제\과제2\labproject04-6\x64\release\vc142.pdb
c:\users\user\desktop\3학년 1학기\3d 게임프로그래밍\과제\과제2\labproject04-6\x64\release\stdafx.obj
c:\users\user\desktop\3학년 1학기\3d 게임프로그래밍\과제\과제2\labproject04-6\x64\release\timer.obj
c:\users\user\desktop\3학년 1학기\3d 게임프로그래밍\과제\과제2\labproject04-6\x64\release\shader.obj
c:\users\user\desktop\3학년 1학기\3d 게임프로그래밍\과제\과제2\labproject04-6\x64\release\scene.obj
c:\users\user\desktop\3학년 1학기\3d 게임프로그래밍\과제\과제2\labproject04-6\x64\release\player.obj
c:\users\user\desktop\3학년 1학기\3d 게임프로그래밍\과제\과제2\labproject04-6\x64\release\object.obj
c:\users\user\desktop\3학년 1학기\3d 게임프로그래밍\과제\과제2\labproject04-6\x64\release\mesh.obj
c:\users\user\desktop\3학년 1학기\3d 게임프로그래밍\과제\과제2\labproject04-6\x64\release\labproject04-6.obj
c:\users\user\desktop\3학년 1학기\3d 게임프로그래밍\과제\과제2\labproject04-6\x64\release\gameframework.obj
c:\users\user\desktop\3학년 1학기\3d 게임프로그래밍\과제\과제2\labproject04-6\x64\release\camera.obj
c:\users\user\desktop\3학년 1학기\3d 게임프로그래밍\과제\과제2\labproject04-6\x64\release\ai.obj
c:\users\user\desktop\3학년 1학기\3d 게임프로그래밍\과제\과제2\labproject04-6\x64\release\labproject04-6.ipdb
c:\users\user\desktop\3학년 1학기\3d 게임프로그래밍\과제\과제2\labproject04-6\x64\release\labproject04-6.iobj
c:\users\user\desktop\3학년 1학기\3d 게임프로그래밍\과제\과제2\labproject04-6\x64\release\labproject04-6.exe
c:\users\user\desktop\3학년 1학기\3d 게임프로그래밍\과제\과제2\labproject04-6\x64\release\labproject04-6.pdb
c:\users\user\desktop\3학년 1학기\3d 게임프로그래밍\과제\과제2\labproject04-6\x64\release\labproject04-6.res
c:\users\user\desktop\3학년 1학기\3d 게임프로그래밍\과제\과제2\labproject04-6\x64\release\labproject04-6.tlog\cl.command.1.tlog
c:\users\user\desktop\3학년 1학기\3d 게임프로그래밍\과제\과제2\labproject04-6\x64\release\labproject04-6.tlog\cl.read.1.tlog
c:\users\user\desktop\3학년 1학기\3d 게임프로그래밍\과제\과제2\labproject04-6\x64\release\labproject04-6.tlog\cl.write.1.tlog
c:\users\user\desktop\3학년 1학기\3d 게임프로그래밍\과제\과제2\labproject04-6\x64\release\labproject04-6.tlog\labproject04-6.write.1u.tlog
c:\users\user\desktop\3학년 1학기\3d 게임프로그래밍\과제\과제2\labproject04-6\x64\release\labproject04-6.tlog\link.command.1.tlog
c:\users\user\desktop\3학년 1학기\3d 게임프로그래밍\과제\과제2\labproject04-6\x64\release\labproject04-6.tlog\link.read.1.tlog
c:\users\user\desktop\3학년 1학기\3d 게임프로그래밍\과제\과제2\labproject04-6\x64\release\labproject04-6.tlog\link.write.1.tlog
c:\users\user\desktop\3학년 1학기\3d 게임프로그래밍\과제\과제2\labproject04-6\x64\release\labproject04-6.tlog\rc.command.1.tlog
c:\users\user\desktop\3학년 1학기\3d 게임프로그래밍\과제\과제2\labproject04-6\x64\release\labproject04-6.tlog\rc.read.1.tlog
c:\users\user\desktop\3학년 1학기\3d 게임프로그래밍\과제\과제2\labproject04-6\x64\release\labproject04-6.tlog\rc.write.1.tlog
