c:\users\user\documents\github\direct3d_12_programming\tank_project\labproject02-02\x64\release\vc143.pdb
c:\users\user\documents\github\direct3d_12_programming\tank_project\labproject02-02\x64\release\timer.obj
c:\users\user\documents\github\direct3d_12_programming\tank_project\labproject02-02\x64\release\stdafx.obj
c:\users\user\documents\github\direct3d_12_programming\tank_project\labproject02-02\x64\release\scene.obj
c:\users\user\documents\github\direct3d_12_programming\tank_project\labproject02-02\x64\release\player.obj
c:\users\user\documents\github\direct3d_12_programming\tank_project\labproject02-02\x64\release\mesh.obj
c:\users\user\documents\github\direct3d_12_programming\tank_project\labproject02-02\x64\release\labproject02-02.obj
c:\users\user\documents\github\direct3d_12_programming\tank_project\labproject02-02\x64\release\graphicspipeline.obj
c:\users\user\documents\github\direct3d_12_programming\tank_project\labproject02-02\x64\release\gameobject.obj
c:\users\user\documents\github\direct3d_12_programming\tank_project\labproject02-02\x64\release\gameframework.obj
c:\users\user\documents\github\direct3d_12_programming\tank_project\labproject02-02\x64\release\camera.obj
c:\users\user\documents\github\direct3d_12_programming\tank_project\labproject02-02\x64\release\ai.obj
c:\users\user\documents\github\direct3d_12_programming\tank_project\labproject02-02\x64\release\labproject02-02.exe
c:\users\user\documents\github\direct3d_12_programming\tank_project\labproject02-02\x64\release\labproject02-02.pdb
c:\users\user\documents\github\direct3d_12_programming\tank_project\labproject02-02\x64\release\labproject02-02.ipdb
c:\users\user\documents\github\direct3d_12_programming\tank_project\labproject02-02\x64\release\labproject02-02.iobj
c:\users\user\documents\github\direct3d_12_programming\tank_project\labproject02-02\x64\release\labproject02-02.res
c:\users\user\documents\github\direct3d_12_programming\tank_project\labproject02-02\x64\release\labproject02-02.tlog\cl.command.1.tlog
c:\users\user\documents\github\direct3d_12_programming\tank_project\labproject02-02\x64\release\labproject02-02.tlog\cl.read.1.tlog
c:\users\user\documents\github\direct3d_12_programming\tank_project\labproject02-02\x64\release\labproject02-02.tlog\cl.write.1.tlog
c:\users\user\documents\github\direct3d_12_programming\tank_project\labproject02-02\x64\release\labproject02-02.tlog\link.command.1.tlog
c:\users\user\documents\github\direct3d_12_programming\tank_project\labproject02-02\x64\release\labproject02-02.tlog\link.read.1.tlog
c:\users\user\documents\github\direct3d_12_programming\tank_project\labproject02-02\x64\release\labproject02-02.tlog\link.write.1.tlog
c:\users\user\documents\github\direct3d_12_programming\tank_project\labproject02-02\x64\release\labproject02-02.tlog\link.write.2u.tlog
c:\users\user\documents\github\direct3d_12_programming\tank_project\labproject02-02\x64\release\labproject02-02.tlog\rc.command.1.tlog
c:\users\user\documents\github\direct3d_12_programming\tank_project\labproject02-02\x64\release\labproject02-02.tlog\rc.read.1.tlog
c:\users\user\documents\github\direct3d_12_programming\tank_project\labproject02-02\x64\release\labproject02-02.tlog\rc.write.1.tlog
